<?xml version="1.0" encoding="UTF-8"?>
<!-- Generated by org.testng.reporters.JUnitReportReporter -->
<testsuite hostname="kHaN-MacBook.ht.home" failures="0" tests="2" name="Academy.ValidateTitle" time="1.221" errors="0" timestamp="2024-10-22T15:19:12 GMT-04:00" skipped="0">
  <testcase classname="Academy.ValidateTitle" name="basePageTitle" time="0.444"/>
  <system-out/>
  <testcase classname="Academy.ValidateTitle" name="AdTitle" time="0.777"/>
  <system-out/>
</testsuite> <!-- Academy.ValidateTitle -->
