<?xml version="1.0" encoding="UTF-8"?>
<!-- Generated by org.testng.reporters.JUnitReportReporter -->
<testsuite hostname="kHaN-MacBook.ht.home" failures="0" tests="1" name="Academy.AppTest" time="0.006" errors="0" timestamp="2024-10-22T15:19:12 GMT-04:00" skipped="0">
  <testcase classname="Academy.AppTest" name="testApp" time="0.006"/>
  <system-out/>
</testsuite> <!-- Academy.AppTest -->
