<?xml version="1.0" encoding="UTF-8"?>
<!-- Generated by org.testng.reporters.JUnitReportReporter -->
<testsuite hostname="kHaN-MacBook.ht.home" failures="0" tests="1" name="CucmberOption.TestRunner" time="27.255" errors="0" timestamp="2024-10-22T17:29:08 GMT-04:00" skipped="0">
  <testcase classname="CucmberOption.TestRunner" name="runScenario" time="27.255"/>
  <system-out/>
</testsuite> <!-- CucmberOption.TestRunner -->
