<?xml version="1.0" encoding="UTF-8"?>
<!-- Generated by org.testng.reporters.JUnitReportReporter -->
<testsuite hostname="kHaN-MacBook.ht.home" failures="0" tests="1" name="Academy.HomePage" time="25.945" errors="0" timestamp="2024-10-22T15:19:12 GMT-04:00" skipped="0">
  <testcase classname="Academy.HomePage" name="basePageNavigation" time="25.945"/>
  <system-out/>
</testsuite> <!-- Academy.HomePage -->
