<?xml version="1.0" encoding="UTF-8"?>
<!-- Generated by org.testng.reporters.JUnitReportReporter -->
<testsuite hostname="kHaN-MacBook.ht.home" failures="0" tests="1" name="Academy.ValidateNavigationBar" time="1.189" errors="0" timestamp="2024-10-22T15:19:12 GMT-04:00" skipped="0">
  <testcase classname="Academy.ValidateNavigationBar" name="basePageNavigation" time="1.189"/>
  <system-out/>
</testsuite> <!-- Academy.ValidateNavigationBar -->
